Determining if the pthread_create exist failed with the following output:
Change Dir: /home/huic/statepub/build/CMakeFiles/CMakeTmp

Run Build Command:"/usr/bin/make" "cmTC_605cb/fast"
/usr/bin/make -f CMakeFiles/cmTC_605cb.dir/build.make CMakeFiles/cmTC_605cb.dir/build
make[1]: Entering directory '/home/huic/statepub/build/CMakeFiles/CMakeTmp'
Building C object CMakeFiles/cmTC_605cb.dir/CheckSymbolExists.c.o
/usr/bin/cc    -o CMakeFiles/cmTC_605cb.dir/CheckSymbolExists.c.o   -c /home/huic/statepub/build/CMakeFiles/CMakeTmp/CheckSymbolExists.c
Linking C executable cmTC_605cb
/usr/bin/cmake -E cmake_link_script CMakeFiles/cmTC_605cb.dir/link.txt --verbose=1
/usr/bin/cc      -rdynamic CMakeFiles/cmTC_605cb.dir/CheckSymbolExists.c.o  -o cmTC_605cb 
CMakeFiles/cmTC_605cb.dir/CheckSymbolExists.c.o: In function `main':
CheckSymbolExists.c:(.text+0x1b): undefined reference to `pthread_create'
collect2: error: ld returned 1 exit status
CMakeFiles/cmTC_605cb.dir/build.make:97: recipe for target 'cmTC_605cb' failed
make[1]: *** [cmTC_605cb] Error 1
make[1]: Leaving directory '/home/huic/statepub/build/CMakeFiles/CMakeTmp'
Makefile:126: recipe for target 'cmTC_605cb/fast' failed
make: *** [cmTC_605cb/fast] Error 2

File /home/huic/statepub/build/CMakeFiles/CMakeTmp/CheckSymbolExists.c:
/* */
#include <pthread.h>

int main(int argc, char** argv)
{
  (void)argv;
#ifndef pthread_create
  return ((int*)(&pthread_create))[argc];
#else
  (void)argc;
  return 0;
#endif
}

Determining if the function pthread_create exists in the pthreads failed with the following output:
Change Dir: /home/huic/statepub/build/CMakeFiles/CMakeTmp

Run Build Command:"/usr/bin/make" "cmTC_f806b/fast"
/usr/bin/make -f CMakeFiles/cmTC_f806b.dir/build.make CMakeFiles/cmTC_f806b.dir/build
make[1]: Entering directory '/home/huic/statepub/build/CMakeFiles/CMakeTmp'
Building C object CMakeFiles/cmTC_f806b.dir/CheckFunctionExists.c.o
/usr/bin/cc   -DCHECK_FUNCTION_EXISTS=pthread_create   -o CMakeFiles/cmTC_f806b.dir/CheckFunctionExists.c.o   -c /usr/share/cmake-3.10/Modules/CheckFunctionExists.c
Linking C executable cmTC_f806b
/usr/bin/cmake -E cmake_link_script CMakeFiles/cmTC_f806b.dir/link.txt --verbose=1
/usr/bin/cc  -DCHECK_FUNCTION_EXISTS=pthread_create    -rdynamic CMakeFiles/cmTC_f806b.dir/CheckFunctionExists.c.o  -o cmTC_f806b -lpthreads 
/usr/bin/ld: cannot find -lpthreads
collect2: error: ld returned 1 exit status
CMakeFiles/cmTC_f806b.dir/build.make:97: recipe for target 'cmTC_f806b' failed
make[1]: *** [cmTC_f806b] Error 1
make[1]: Leaving directory '/home/huic/statepub/build/CMakeFiles/CMakeTmp'
Makefile:126: recipe for target 'cmTC_f806b/fast' failed
make: *** [cmTC_f806b/fast] Error 2


